[21:41:26] [main/INFO]: Setting user: programgames
[21:41:27] [Client thread/INFO]: LWJGL Version: 2.9.1
[21:41:34] [Client thread/INFO]: Reloading ResourceManager: Default, FMLFileResourcePack:Forge Mod Loader, FMLFileResourcePack:Minecraft Forge, FMLFileResourcePack:MultimodPlus, FMLFileResourcePack:Example Mod
[21:41:35] [Sound Library Loader/INFO]: Sound engine started
[21:41:35] [Client thread/INFO]: Created: 16x16 textures/blocks-atlas
[21:41:35] [Client thread/INFO]: Created: 16x16 textures/items-atlas
[21:41:35] [Client thread/INFO]: Reloading ResourceManager: Default, FMLFileResourcePack:Forge Mod Loader, FMLFileResourcePack:Minecraft Forge, FMLFileResourcePack:MultimodPlus, FMLFileResourcePack:Example Mod
[21:41:36] [Client thread/INFO]: Created: 512x256 textures/blocks-atlas
[21:41:36] [Client thread/INFO]: Created: 256x256 textures/items-atlas
[21:41:36] [Sound Library Loader/INFO]: Sound engine started
[21:41:54] [Server thread/INFO]: Starting integrated minecraft server version 1.7.10
[21:41:54] [Server thread/INFO]: Generating keypair
[21:41:54] [Server thread/INFO]: Preparing start region for level 0
[21:41:55] [Server thread/INFO]: Changing view distance to 12, from 10
[21:41:56] [Server thread/INFO]: programgames[local:E:194e3a9f] logged in with entity id 631 at (-115.5, 70.0, 248.5)
[21:41:56] [Server thread/INFO]: programgames joined the game
[21:41:59] [Server thread/INFO]: Saving and pausing game...
[21:41:59] [Server thread/INFO]: Saving chunks for level 'New World'/Overworld
[21:42:00] [Server thread/INFO]: Saving chunks for level 'New World'/Nether
[21:42:00] [Server thread/INFO]: Saving chunks for level 'New World'/The End
[21:42:05] [Server thread/INFO]: Stopping server
[21:42:05] [Server thread/INFO]: Saving players
[21:42:05] [Server thread/INFO]: Saving worlds
[21:42:05] [Server thread/INFO]: Saving chunks for level 'New World'/Overworld
[21:42:05] [Server thread/INFO]: Saving chunks for level 'New World'/Nether
[21:42:05] [Server thread/INFO]: Saving chunks for level 'New World'/The End
[21:42:07] [Server thread/INFO]: Starting integrated minecraft server version 1.7.10
[21:42:07] [Server thread/INFO]: Generating keypair
[21:42:07] [Server thread/INFO]: Preparing start region for level 0
[21:42:08] [Server thread/INFO]: Changing view distance to 12, from 10
[21:42:08] [Server thread/INFO]: programgames[local:E:35ca9306] logged in with entity id 1624 at (-115.5, 70.0, 248.5)
[21:42:08] [Server thread/INFO]: programgames joined the game
[21:42:08] [Server thread/INFO]: Saving and pausing game...
[21:42:08] [Server thread/INFO]: Saving chunks for level 'New World'/Overworld
[21:42:09] [Server thread/INFO]: Saving chunks for level 'New World'/Nether
[21:42:09] [Server thread/INFO]: Saving chunks for level 'New World'/The End
[21:42:09] [Server thread/INFO]: Stopping server
[21:42:09] [Server thread/INFO]: Saving players
[21:42:09] [Server thread/INFO]: Saving worlds
[21:42:09] [Server thread/INFO]: Saving chunks for level 'New World'/Overworld
[21:42:09] [Server thread/INFO]: Saving chunks for level 'New World'/Nether
[21:42:09] [Server thread/INFO]: Saving chunks for level 'New World'/The End
[21:42:10] [Server thread/INFO]: Starting integrated minecraft server version 1.7.10
[21:42:10] [Server thread/INFO]: Generating keypair
[21:42:10] [Server thread/INFO]: Preparing start region for level 0
[21:42:11] [Server thread/INFO]: Changing view distance to 12, from 10
[21:42:11] [Server thread/INFO]: programgames[local:E:b4cd7965] logged in with entity id 2086 at (-179.30000001192093, 68.0, 246.30000001192093)
[21:42:11] [Server thread/INFO]: programgames joined the game
[21:44:23] [main/INFO]: Setting user: programgames
