[17:16:42] [main/INFO]: Setting user: programgames
[17:16:43] [Client thread/INFO]: LWJGL Version: 2.9.1
[17:16:49] [Client thread/INFO]: Reloading ResourceManager: Default, FMLFileResourcePack:Forge Mod Loader, FMLFileResourcePack:Minecraft Forge, FMLFileResourcePack:MultimodPlus, FMLFileResourcePack:Example Mod
[17:16:49] [Sound Library Loader/INFO]: Sound engine started
[17:16:50] [Client thread/INFO]: Created: 16x16 textures/blocks-atlas
[17:16:50] [Client thread/INFO]: Created: 16x16 textures/items-atlas
[17:16:50] [Client thread/INFO]: Reloading ResourceManager: Default, FMLFileResourcePack:Forge Mod Loader, FMLFileResourcePack:Minecraft Forge, FMLFileResourcePack:MultimodPlus, FMLFileResourcePack:Example Mod
[17:16:50] [Client thread/INFO]: Created: 512x256 textures/blocks-atlas
[17:16:50] [Client thread/INFO]: Created: 256x256 textures/items-atlas
[17:16:51] [Sound Library Loader/INFO]: Sound engine started
[17:16:54] [Server thread/INFO]: Starting integrated minecraft server version 1.7.10
[17:16:54] [Server thread/INFO]: Generating keypair
[17:16:54] [Server thread/INFO]: Preparing start region for level 0
[17:16:54] [Server thread/INFO]: Changing view distance to 12, from 10
[17:16:55] [Server thread/INFO]: programgames[local:E:f19e0def] logged in with entity id 242 at (862.3000000119209, 4.0, -930.3705843720523)
[17:16:55] [Server thread/INFO]: programgames joined the game
[17:16:59] [Client thread/INFO]: [CHAT] serveur : side 4
[17:16:59] [Client thread/INFO]: [CHAT] serveur : metadata 1
[17:16:59] [Client thread/INFO]: [CHAT] serveur : side 4
[17:16:59] [Client thread/INFO]: [CHAT] serveur : metadata 1
[17:17:01] [Client thread/INFO]: [CHAT] serveur : side 4
[17:17:01] [Client thread/INFO]: [CHAT] serveur : metadata 1
[17:17:02] [Client thread/INFO]: [CHAT] serveur : side 4
[17:17:02] [Client thread/INFO]: [CHAT] serveur : metadata 1
[17:17:02] [Server thread/INFO]: Saving and pausing game...
[17:17:02] [Server thread/INFO]: Saving chunks for level 'New World'/Overworld
[17:17:02] [Server thread/INFO]: Saving chunks for level 'New World'/Nether
[17:17:02] [Server thread/INFO]: Saving chunks for level 'New World'/The End
[17:17:32] [Client thread/INFO]: [CHAT] serveur : side 3
[17:17:32] [Client thread/INFO]: [CHAT] serveur : metadata 0
[17:17:33] [Client thread/INFO]: [CHAT] serveur : side 3
[17:17:33] [Client thread/INFO]: [CHAT] serveur : metadata 0
[17:17:33] [Client thread/INFO]: [CHAT] serveur : side 5
[17:17:33] [Client thread/INFO]: [CHAT] serveur : metadata 3
[17:17:33] [Client thread/INFO]: [CHAT] serveur : side 5
[17:17:33] [Client thread/INFO]: [CHAT] serveur : metadata 3
[17:17:43] [Server thread/INFO]: Saving and pausing game...
[17:17:43] [Server thread/INFO]: Saving chunks for level 'New World'/Overworld
[17:17:43] [Server thread/INFO]: Saving chunks for level 'New World'/Nether
[17:17:43] [Server thread/INFO]: Saving chunks for level 'New World'/The End
[17:17:52] [Client thread/INFO]: [CHAT] serveur : side 3
[17:17:52] [Client thread/INFO]: [CHAT] serveur : metadata 0
[17:17:52] [Client thread/INFO]: [CHAT] serveur : side 3
[17:17:52] [Client thread/INFO]: [CHAT] serveur : metadata 0
[17:17:52] [Client thread/INFO]: [CHAT] serveur : side 3
[17:17:52] [Client thread/INFO]: [CHAT] serveur : metadata 0
[17:17:53] [Client thread/INFO]: [CHAT] serveur : side 3
[17:17:53] [Client thread/INFO]: [CHAT] serveur : metadata 0
[17:17:53] [Client thread/INFO]: [CHAT] serveur : side 1
[17:17:53] [Client thread/INFO]: [CHAT] serveur : metadata 3
[17:17:54] [Client thread/INFO]: [CHAT] serveur : side 1
[17:17:54] [Client thread/INFO]: [CHAT] serveur : metadata 3
[17:17:54] [Client thread/INFO]: [CHAT] serveur : side 1
[17:17:54] [Client thread/INFO]: [CHAT] serveur : metadata 3
[17:17:54] [Client thread/INFO]: [CHAT] serveur : side 1
[17:17:54] [Client thread/INFO]: [CHAT] serveur : metadata 3
[17:17:54] [Client thread/INFO]: [CHAT] serveur : side 1
[17:17:54] [Client thread/INFO]: [CHAT] serveur : metadata 3
[17:17:55] [Client thread/INFO]: [CHAT] serveur : side 1
[17:17:55] [Client thread/INFO]: [CHAT] serveur : metadata 3
[17:17:55] [Client thread/INFO]: [CHAT] serveur : side 1
[17:17:55] [Client thread/INFO]: [CHAT] serveur : metadata 3
[17:17:55] [Client thread/INFO]: [CHAT] serveur : side 1
[17:17:55] [Client thread/INFO]: [CHAT] serveur : metadata 3
[17:17:55] [Client thread/INFO]: [CHAT] serveur : side 1
[17:17:55] [Client thread/INFO]: [CHAT] serveur : metadata 3
[17:17:55] [Client thread/INFO]: [CHAT] serveur : side 1
[17:17:55] [Client thread/INFO]: [CHAT] serveur : metadata 3
[17:17:56] [Client thread/INFO]: [CHAT] serveur : side 5
[17:17:56] [Client thread/INFO]: [CHAT] serveur : metadata 3
[17:17:56] [Client thread/INFO]: [CHAT] serveur : side 5
[17:17:56] [Client thread/INFO]: [CHAT] serveur : metadata 3
[17:17:56] [Client thread/INFO]: [CHAT] serveur : side 5
[17:17:56] [Client thread/INFO]: [CHAT] serveur : metadata 3
[17:17:56] [Client thread/INFO]: [CHAT] serveur : side 5
[17:17:56] [Client thread/INFO]: [CHAT] serveur : metadata 3
[17:17:56] [Client thread/INFO]: [CHAT] serveur : side 5
[17:17:56] [Client thread/INFO]: [CHAT] serveur : metadata 3
[17:17:59] [Server thread/INFO]: Saving and pausing game...
[17:17:59] [Server thread/INFO]: Saving chunks for level 'New World'/Overworld
[17:17:59] [Server thread/INFO]: Saving chunks for level 'New World'/Nether
[17:17:59] [Server thread/INFO]: Saving chunks for level 'New World'/The End
[17:18:02] [Client thread/INFO]: [CHAT] serveur : side 5
[17:18:02] [Client thread/INFO]: [CHAT] serveur : metadata 3
[17:18:02] [Client thread/INFO]: [CHAT] serveur : side 5
[17:18:02] [Client thread/INFO]: [CHAT] serveur : metadata 3
[17:18:02] [Client thread/INFO]: [CHAT] serveur : side 5
[17:18:02] [Client thread/INFO]: [CHAT] serveur : metadata 3
[17:18:02] [Client thread/INFO]: [CHAT] serveur : side 5
[17:18:02] [Client thread/INFO]: [CHAT] serveur : metadata 3
[17:18:04] [Server thread/INFO]: Saving and pausing game...
[17:18:05] [Server thread/INFO]: Saving chunks for level 'New World'/Overworld
[17:18:05] [Server thread/INFO]: Saving chunks for level 'New World'/Nether
[17:18:05] [Server thread/INFO]: Saving chunks for level 'New World'/The End
[17:18:08] [Server thread/INFO]: Saving and pausing game...
[17:18:08] [Server thread/INFO]: Saving chunks for level 'New World'/Overworld
[17:18:08] [Server thread/INFO]: Saving chunks for level 'New World'/Nether
[17:18:08] [Server thread/INFO]: Saving chunks for level 'New World'/The End
